<?xml version="1.0" encoding="UTF-8"?>
<testng-results skipped="0" failed="0" ignored="0" total="1" passed="1">
  <reporter-output>
  </reporter-output>
  <suite name="Suite1" duration-ms="17102" started-at="2020-12-25T06:12:46Z" finished-at="2020-12-25T06:13:03Z">
    <groups>
      <group name="cucumber">
        <method signature="AbstractTestNGCucumberTests.feature(cucumber.api.testng.CucumberFeatureWrapper)[pri:0, instance:com.automationprac.runner.AutomationPrac_MyRunner@385e9564]" name="feature" class="cucumber.api.testng.AbstractTestNGCucumberTests"/>
      </group> <!-- cucumber -->
    </groups>
    <test name="Nopackage" duration-ms="17102" started-at="2020-12-25T06:12:46Z" finished-at="2020-12-25T06:13:03Z">
      <class name="com.automationprac.runner.AutomationPrac_MyRunner">
        <test-method status="PASS" signature="setUpClass()[pri:0, instance:com.automationprac.runner.AutomationPrac_MyRunner@385e9564]" name="setUpClass" is-config="true" duration-ms="280" started-at="2020-12-25T06:12:46Z" finished-at="2020-12-25T06:12:46Z">
          <reporter-output>
          </reporter-output>
        </test-method> <!-- setUpClass -->
        <test-method status="PASS" signature="feature(cucumber.api.testng.CucumberFeatureWrapper)[pri:0, instance:com.automationprac.runner.AutomationPrac_MyRunner@385e9564]" name="feature" duration-ms="16694" started-at="2020-12-25T06:12:47Z" description="Runs Cucumber Feature" data-provider="features" finished-at="2020-12-25T06:13:03Z">
          <params>
            <param index="0">
              <value>
                <![CDATA[As a user I am able to check the total price with shipment]]>
              </value>
            </param>
          </params>
          <reporter-output>
          </reporter-output>
        </test-method> <!-- feature -->
        <test-method status="PASS" signature="tearDownClass()[pri:0, instance:com.automationprac.runner.AutomationPrac_MyRunner@385e9564]" name="tearDownClass" is-config="true" duration-ms="8" started-at="2020-12-25T06:13:03Z" finished-at="2020-12-25T06:13:03Z">
          <reporter-output>
          </reporter-output>
        </test-method> <!-- tearDownClass -->
      </class> <!-- com.automationprac.runner.AutomationPrac_MyRunner -->
    </test> <!-- Nopackage -->
  </suite> <!-- Suite1 -->
</testng-results>
